C:\USERS\MARCO\DOCUMENTS\GITHUB\OCEAN-SIMULATION\OCEANDEMO\DEBUG\APPLICATION.OBJ
C:\USERS\MARCO\DOCUMENTS\GITHUB\OCEAN-SIMULATION\OCEANDEMO\DEBUG\BASICIO.OBJ
C:\USERS\MARCO\DOCUMENTS\GITHUB\OCEAN-SIMULATION\OCEANDEMO\DEBUG\CAMERACOMPONENT.OBJ
C:\USERS\MARCO\DOCUMENTS\GITHUB\OCEAN-SIMULATION\OCEANDEMO\DEBUG\COMPONENT.OBJ
C:\USERS\MARCO\DOCUMENTS\GITHUB\OCEAN-SIMULATION\OCEANDEMO\DEBUG\GAMEOBJECT.OBJ
C:\USERS\MARCO\DOCUMENTS\GITHUB\OCEAN-SIMULATION\OCEANDEMO\DEBUG\GEOMETRY.OBJ
C:\USERS\MARCO\DOCUMENTS\GITHUB\OCEAN-SIMULATION\OCEANDEMO\DEBUG\GLUTIL.OBJ
C:\USERS\MARCO\DOCUMENTS\GITHUB\OCEAN-SIMULATION\OCEANDEMO\DEBUG\GRAPHICSCONTEXT.OBJ
C:\USERS\MARCO\DOCUMENTS\GITHUB\OCEAN-SIMULATION\OCEANDEMO\DEBUG\MAIN.OBJ
C:\USERS\MARCO\DOCUMENTS\GITHUB\OCEAN-SIMULATION\OCEANDEMO\DEBUG\OCEANCOMPONENT.OBJ
C:\USERS\MARCO\DOCUMENTS\GITHUB\OCEAN-SIMULATION\OCEANDEMO\DEBUG\SCENE.OBJ
C:\USERS\MARCO\DOCUMENTS\GITHUB\OCEAN-SIMULATION\OCEANDEMO\DEBUG\SHADER.OBJ
C:\USERS\MARCO\DOCUMENTS\GITHUB\OCEAN-SIMULATION\OCEANDEMO\DEBUG\TERRAINCOMPONENT.OBJ
C:\USERS\MARCO\DOCUMENTS\GITHUB\OCEAN-SIMULATION\OCEANDEMO\DEBUG\VC110.PDB
C:\Users\Marco\Documents\GitHub\Ocean-Simulation\OceanDemo\Debug\Application.obj
C:\Users\Marco\Documents\GitHub\Ocean-Simulation\OceanDemo\Debug\BasicIO.obj
C:\Users\Marco\Documents\GitHub\Ocean-Simulation\OceanDemo\Debug\CameraComponent.obj
C:\Users\Marco\Documents\GitHub\Ocean-Simulation\OceanDemo\Debug\Component.obj
C:\Users\Marco\Documents\GitHub\Ocean-Simulation\OceanDemo\Debug\GameObject.obj
C:\Users\Marco\Documents\GitHub\Ocean-Simulation\OceanDemo\Debug\Geometry.obj
C:\Users\Marco\Documents\GitHub\Ocean-Simulation\OceanDemo\Debug\GLUtil.obj
C:\Users\Marco\Documents\GitHub\Ocean-Simulation\OceanDemo\Debug\GraphicsContext.obj
C:\Users\Marco\Documents\GitHub\Ocean-Simulation\OceanDemo\Debug\main.obj
C:\Users\Marco\Documents\GitHub\Ocean-Simulation\OceanDemo\Debug\OceanComponent.obj
C:\Users\Marco\Documents\GitHub\Ocean-Simulation\OceanDemo\Debug\Scene.obj
C:\Users\Marco\Documents\GitHub\Ocean-Simulation\OceanDemo\Debug\Shader.obj
C:\Users\Marco\Documents\GitHub\Ocean-Simulation\OceanDemo\Debug\TerrainComponent.obj
C:\Users\Marco\Documents\GitHub\Ocean-Simulation\OceanDemo\Debug\cl.command.1.tlog
C:\Users\Marco\Documents\GitHub\Ocean-Simulation\OceanDemo\Debug\CL.read.1.tlog
C:\Users\Marco\Documents\GitHub\Ocean-Simulation\OceanDemo\Debug\CL.write.1.tlog
C:\Users\Marco\Documents\GitHub\Ocean-Simulation\OceanDemo\Debug\vc110.idb
C:\Users\Marco\Documents\GitHub\Ocean-Simulation\OceanDemo\Debug\vc110.pdb
