C:\USERS\MARCO\DOCUMENTS\GITHUB\OCEAN-SIMULATION\OCEANDEMO\RELEASE\TERRAINCOMPONENT.OBJ
C:\USERS\MARCO\DOCUMENTS\GITHUB\OCEAN-SIMULATION\OCEANDEMO\RELEASE\SHADER.OBJ
C:\USERS\MARCO\DOCUMENTS\GITHUB\OCEAN-SIMULATION\OCEANDEMO\RELEASE\SCENE.OBJ
C:\USERS\MARCO\DOCUMENTS\GITHUB\OCEAN-SIMULATION\OCEANDEMO\RELEASE\OCEANCOMPONENT.OBJ
C:\USERS\MARCO\DOCUMENTS\GITHUB\OCEAN-SIMULATION\OCEANDEMO\RELEASE\MAIN.OBJ
C:\USERS\MARCO\DOCUMENTS\GITHUB\OCEAN-SIMULATION\OCEANDEMO\RELEASE\GRAPHICSCONTEXT.OBJ
C:\USERS\MARCO\DOCUMENTS\GITHUB\OCEAN-SIMULATION\OCEANDEMO\RELEASE\GLUTIL.OBJ
C:\USERS\MARCO\DOCUMENTS\GITHUB\OCEAN-SIMULATION\OCEANDEMO\RELEASE\GEOMETRY.OBJ
C:\USERS\MARCO\DOCUMENTS\GITHUB\OCEAN-SIMULATION\OCEANDEMO\RELEASE\GAMEOBJECT.OBJ
C:\USERS\MARCO\DOCUMENTS\GITHUB\OCEAN-SIMULATION\OCEANDEMO\RELEASE\COMPONENT.OBJ
C:\USERS\MARCO\DOCUMENTS\GITHUB\OCEAN-SIMULATION\OCEANDEMO\RELEASE\CAMERACOMPONENT.OBJ
C:\USERS\MARCO\DOCUMENTS\GITHUB\OCEAN-SIMULATION\OCEANDEMO\RELEASE\BASICIO.OBJ
C:\USERS\MARCO\DOCUMENTS\GITHUB\OCEAN-SIMULATION\OCEANDEMO\RELEASE\APPLICATION.OBJ
C:\Users\Marco\Documents\GitHub\Ocean-Simulation\OceanDemo\Release\Application.obj
C:\Users\Marco\Documents\GitHub\Ocean-Simulation\OceanDemo\Release\BasicIO.obj
C:\Users\Marco\Documents\GitHub\Ocean-Simulation\OceanDemo\Release\CameraComponent.obj
C:\Users\Marco\Documents\GitHub\Ocean-Simulation\OceanDemo\Release\Component.obj
C:\Users\Marco\Documents\GitHub\Ocean-Simulation\OceanDemo\Release\GameObject.obj
C:\Users\Marco\Documents\GitHub\Ocean-Simulation\OceanDemo\Release\Geometry.obj
C:\Users\Marco\Documents\GitHub\Ocean-Simulation\OceanDemo\Release\GLUtil.obj
C:\Users\Marco\Documents\GitHub\Ocean-Simulation\OceanDemo\Release\GraphicsContext.obj
C:\Users\Marco\Documents\GitHub\Ocean-Simulation\OceanDemo\Release\main.obj
C:\Users\Marco\Documents\GitHub\Ocean-Simulation\OceanDemo\Release\OceanComponent.obj
C:\Users\Marco\Documents\GitHub\Ocean-Simulation\OceanDemo\Release\Scene.obj
C:\Users\Marco\Documents\GitHub\Ocean-Simulation\OceanDemo\Release\Shader.obj
C:\Users\Marco\Documents\GitHub\Ocean-Simulation\OceanDemo\Release\TerrainComponent.obj
C:\Users\Marco\Documents\GitHub\Ocean-Simulation\OceanDemo\Release\cl.command.1.tlog
C:\Users\Marco\Documents\GitHub\Ocean-Simulation\OceanDemo\Release\CL.read.1.tlog
C:\Users\Marco\Documents\GitHub\Ocean-Simulation\OceanDemo\Release\CL.write.1.tlog
C:\Users\Marco\Documents\GitHub\Ocean-Simulation\OceanDemo\Release\vc110.pdb
